[debug] [2023-04-15T11:40:28.247Z] ----------------------------------------------------------------------
[debug] [2023-04-15T11:40:28.253Z] Command:       C:\Program Files\nodejs\node.exe C:\Users\HP\AppData\Roaming\npm\node_modules\firebase-tools\lib\bin\firebase.js login
[debug] [2023-04-15T11:40:28.254Z] CLI Version:   11.27.0
[debug] [2023-04-15T11:40:28.255Z] Platform:      win32
[debug] [2023-04-15T11:40:28.255Z] Node Version:  v16.16.0
[debug] [2023-04-15T11:40:28.263Z] Time:          Sat Apr 15 2023 17:10:28 GMT+0530 (India Standard Time)
[debug] [2023-04-15T11:40:28.265Z] ----------------------------------------------------------------------
[debug] 
[debug] [2023-04-15T11:40:28.273Z] >>> [apiv2][query] GET https://firebase-public.firebaseio.com/cli.json [none]
[info] i  Firebase optionally collects CLI and Emulator Suite usage and error reporting information to help improve our products. Data is collected in accordance with Google's privacy policy (https://policies.google.com/privacy) and is not used to identify you.
 
[debug] [2023-04-15T11:40:29.475Z] <<< [apiv2][status] GET https://firebase-public.firebaseio.com/cli.json 200
[debug] [2023-04-15T11:40:29.477Z] <<< [apiv2][body] GET https://firebase-public.firebaseio.com/cli.json {"cloudBuildErrorAfter":1594252800000,"cloudBuildWarnAfter":1590019200000,"defaultNode10After":1594252800000,"minVersion":"3.0.5","node8DeploysDisabledAfter":1613390400000,"node8RuntimeDisabledAfter":1615809600000,"node8WarnAfter":1600128000000}
[info] i  To change your data collection preference at any time, run `firebase logout` and log in again. 
[info] 
[info] Visit this URL on this device to log in:
[info] https://accounts.google.com/o/oauth2/auth?client_id=563584335869-fgrhgmd47bqnekij5i8b5pr03ho849e6.apps.googleusercontent.com&scope=email%20openid%20https%3A%2F%2Fwww.googleapis.com%2Fauth%2Fcloudplatformprojects.readonly%20https%3A%2F%2Fwww.googleapis.com%2Fauth%2Ffirebase%20https%3A%2F%2Fwww.googleapis.com%2Fauth%2Fcloud-platform&response_type=code&state=406378871&redirect_uri=http%3A%2F%2Flocalhost%3A9005
[info] 
[info] Waiting for authentication...
[debug] [2023-04-15T11:41:20.869Z] >>> [apiv2][query] POST https://auth.firebase.tools/attest [none]
[debug] [2023-04-15T11:41:20.871Z] >>> [apiv2][body] POST https://auth.firebase.tools/attest {"session_id":"fdeeab4b-fe10-40be-a4b5-5036953fb715"}
[debug] [2023-04-15T11:41:23.509Z] <<< [apiv2][status] POST https://auth.firebase.tools/attest 200
[debug] [2023-04-15T11:41:23.510Z] <<< [apiv2][body] POST https://auth.firebase.tools/attest {"token":"4euxeUm1oXTX283AYmf9SbceOnDRnsyTLlZJy8x4o2Y"}
[info] 
[info] To sign in to the Firebase CLI:
[info] 
[info] 1. Take note of your session ID:
[info] 
[info]    FDEEA
[info] 
[info] 2. Visit the URL below on any device and follow the instructions to get your code:
[info] 
[info]    https://auth.firebase.tools/login?code_challenge=5pWyyWAbkl2yO4vVqVivgG7noL90Xhyu3s10j3-Nd64&session=fdeeab4b-fe10-40be-a4b5-5036953fb715&attest=4euxeUm1oXTX283AYmf9SbceOnDRnsyTLlZJy8x4o2Y
[info] 
[info] 3. Paste or enter the authorization code below once you have it:
[info] 
